Arguments: 
  C:\Program Files\nodejs\node.exe C:\Users\leo_r\AppData\Roaming\npm\node_modules\yarn\bin\yarn.js init vite web

PATH: 
  C:\Windows\system32;C:\Windows;C:\Windows\System32\Wbem;C:\Windows\System32\WindowsPowerShell\v1.0\;C:\Windows\System32\OpenSSH\;C:\ProgramData\chocolatey\bin;C:\Program Files\nodejs\;C:\Program Files\OpenJDK\openjdk-11.0.12_7\bin;C:\Program Files\Git\cmd;C:\Users\leo_r\AppData\Local\Programs\Python\Python310\Scripts\;C:\Users\leo_r\AppData\Local\Programs\Python\Python310\;C:\Users\leo_r\AppData\Local\Microsoft\WindowsApps;;C:\Users\leo_r\AppData\Local\Programs\Microsoft VS Code\bin;C:\Users\leo_r\AppData\Roaming\npm

Yarn version: 
  1.22.17

Node version: 
  14.18.1

Platform: 
  win32 x64

Trace: 
  Error: canceled
      at Interface.<anonymous> (C:\Users\leo_r\AppData\Roaming\npm\node_modules\yarn\lib\cli.js:137143:13)
      at Interface.emit (events.js:400:28)
      at Interface._ttyWrite (readline.js:1001:16)
      at ReadStream.onkeypress (readline.js:265:10)
      at ReadStream.emit (events.js:400:28)
      at emitKeys (internal/readline/utils.js:358:14)
      at emitKeys.next (<anonymous>)
      at ReadStream.onData (readline.js:1270:36)
      at ReadStream.emit (events.js:400:28)
      at addChunk (internal/streams/readable.js:293:12)

npm manifest: 
  No manifest

yarn manifest: 
  No manifest

Lockfile: 
  No lockfile
